<?xml version="1.0" encoding="UTF-8"?>
<!-- Generated by org.testng.reporters.JUnitXMLReporter -->
<testsuite ignored="0" hostname="NavneetSingh" failures="0" tests="3" name="Default test" time="202.884" errors="0" timestamp="2022-12-13T12:45:35 IST">
  <testcase classname="com.maantic.automation.tests.GBTDecisionTableTest" name="Decision_Table" time="48.533"/>
  <testcase classname="com.maantic.automation.tests.GBTDecisionTableTest" name="Decision_Table" time="66.607"/>
  <testcase classname="com.maantic.automation.tests.GBTDecisionTableTest" name="Decision_Table" time="66.778"/>
</testsuite> <!-- Default test -->
