<?xml version="1.0" encoding="UTF-8"?>
<!-- Generated by org.testng.reporters.JUnitXMLReporter -->
<testsuite hostname="NavneetSingh" ignored="4" name="GBT" tests="8" failures="0" timestamp="2022-12-19T14:26:15 IST" time="506.84" errors="0">
  <testcase name="Decision_Table" time="46.323" classname="com.maantic.automation.tests.GBTDecisionTableTest"/>
  <testcase name="Decision_Table" time="68.896" classname="com.maantic.automation.tests.GBTDecisionTableTest"/>
  <testcase name="Decision_Table" time="69.965" classname="com.maantic.automation.tests.GBTDecisionTableTest"/>
  <testcase name="SLA" time="57.883" classname="com.maantic.automation.tests.GBTSLATest"/>
  <testcase name="SLA" time="44.524" classname="com.maantic.automation.tests.GBTSLATest"/>
  <testcase name="SLA" time="57.475" classname="com.maantic.automation.tests.GBTSLATest"/>
  <testcase name="Activity" time="77.309" classname="com.maantic.automation.tests.GBTActivityTest"/>
  <testcase name="Activity" time="44.179" classname="com.maantic.automation.tests.GBTActivityTest"/>
  <testcase name="@AfterSuite resultSheet" time="0.0" classname="com.maantic.automation.base.BasePage">
    <ignored/>
  </testcase> <!-- @AfterSuite resultSheet -->
  <testcase name="@AfterSuite resultSheet" time="0.0" classname="com.maantic.automation.base.BasePage">
    <ignored/>
  </testcase> <!-- @AfterSuite resultSheet -->
  <testcase name="@BeforeSuite getEnvironment" time="0.0" classname="com.maantic.automation.base.BasePage">
    <ignored/>
  </testcase> <!-- @BeforeSuite getEnvironment -->
  <testcase name="@BeforeSuite getEnvironment" time="0.0" classname="com.maantic.automation.base.BasePage">
    <ignored/>
  </testcase> <!-- @BeforeSuite getEnvironment -->
</testsuite> <!-- GBT -->
