<?xml version="1.0" encoding="UTF-8"?>
<!-- Generated by org.testng.reporters.JUnitXMLReporter -->
<testsuite ignored="4" hostname="NavneetSingh" failures="0" tests="9" name="GBT" time="282.833" errors="0" timestamp="2024-01-04T15:24:24 IST">
  <testcase classname="com.maantic.automation.tests.GBTDecisionTableTest" name="getURL" time="0.087"/>
  <testcase classname="com.maantic.automation.tests.GBTDecisionTableTest" name="Decision_Table" time="58.249"/>
  <testcase classname="com.maantic.automation.tests.GBTDecisionTableTest" name="Decision_Table" time="91.772"/>
  <testcase classname="com.maantic.automation.tests.GBTSLATest" name="getURL" time="0.005"/>
  <testcase classname="com.maantic.automation.tests.GBTSLATest" name="SLA" time="54.271"/>
  <testcase classname="com.maantic.automation.tests.GBTSLATest" name="SLA" time="64.564"/>
  <testcase classname="com.maantic.automation.tests.GBTSLATest" name="SLA" time="66.443"/>
  <testcase classname="com.maantic.automation.tests.GBTActivityTest" name="getURL" time="0.007"/>
  <testcase classname="com.maantic.automation.tests.GBTActivityTest" name="Activity" time="91.887"/>
  <testcase classname="com.maantic.automation.base.BasePage" name="@AfterSuite resultSheet" time="0.0">
    <ignored/>
  </testcase> <!-- @AfterSuite resultSheet -->
  <testcase classname="com.maantic.automation.base.BasePage" name="@AfterSuite resultSheet" time="0.0">
    <ignored/>
  </testcase> <!-- @AfterSuite resultSheet -->
  <testcase classname="com.maantic.automation.base.BasePage" name="@BeforeSuite getEnvironment" time="0.0">
    <ignored/>
  </testcase> <!-- @BeforeSuite getEnvironment -->
  <testcase classname="com.maantic.automation.base.BasePage" name="@BeforeSuite getEnvironment" time="0.0">
    <ignored/>
  </testcase> <!-- @BeforeSuite getEnvironment -->
</testsuite> <!-- GBT -->
