<?xml version="1.0" encoding="UTF-8"?>
<!-- Generated by org.testng.reporters.JUnitXMLReporter -->
<testsuite hostname="NavneetSingh" ignored="0" name="GBT2" tests="3" failures="0" timestamp="2022-12-19T14:45:13 IST" time="237.642" errors="0">
  <testcase name="Decision_Table" time="46.84" classname="com.maantic.automation.tests.GBTDecisionTableTest"/>
  <testcase name="Decision_Table" time="72.132" classname="com.maantic.automation.tests.GBTDecisionTableTest"/>
  <testcase name="Decision_Table" time="70.191" classname="com.maantic.automation.tests.GBTDecisionTableTest"/>
</testsuite> <!-- GBT2 -->
