<?xml version="1.0" encoding="UTF-8"?>
<!-- Generated by org.testng.reporters.JUnitXMLReporter -->
<testsuite ignored="0" hostname="NavneetSingh" failures="0" tests="4" name="GBT2" time="164.834" errors="0" timestamp="2024-01-02T14:36:27 IST">
  <testcase classname="com.maantic.automation.tests.GBTSLATest" name="getURL" time="0.101"/>
  <testcase classname="com.maantic.automation.tests.GBTSLATest" name="SLA" time="50.195"/>
  <testcase classname="com.maantic.automation.tests.GBTSLATest" name="SLA" time="46.935"/>
  <testcase classname="com.maantic.automation.tests.GBTSLATest" name="SLA" time="46.259"/>
</testsuite> <!-- GBT2 -->
