-------------------------------------------------------------------------------
Test set: TestSuite
-------------------------------------------------------------------------------
Tests run: 5, Failures: 1, Errors: 0, Skipped: 1, Time elapsed: 107.525 sec <<< FAILURE! - in TestSuite
TC_02_VerifyLoggedInUserName(com.maantic.automation.tests.DashboardTest)  Time elapsed: 6.052 sec  <<< FAILURE!
java.lang.AssertionError: expected [Gopal2] but found [Gopal]
	at com.maantic.automation.tests.DashboardTest.TC_02_VerifyLoggedInUserName(DashboardTest.java:46)

