<?xml version="1.0" encoding="UTF-8"?>
<testsuite xmlns:xsi="http://www.w3.org/2001/XMLSchema-instance" xsi:schemaLocation="https://maven.apache.org/surefire/maven-surefire-plugin/xsd/surefire-test-report.xsd" name="TestSuite" time="107.525" tests="5" errors="0" skipped="1" failures="1">
  <properties>
[...]
</properties>
  <testcase name="TC_01_VerifyLoginPageTitle" classname="com.maantic.automation.tests.LoginTest" time="0.23"/>
  <testcase name="TC_01_VerifyDashboardPageTitle" classname="com.maantic.automation.tests.DashboardTest" time="15.334"/>
  <testcase name="TC_02_VerifyLoggedInUserName" classname="com.maantic.automation.tests.DashboardTest" time="0">
    <skipped message="expected [Gopal2] but found [Gopal]"/>
    <system-out><![CDATA[Chrome browser is opening....
I am in onTestStart method TC_02_VerifyLoggedInUserName start
TC_02_VerifyLoggedInUserName is called...
Gopal
I am in onTestSkipped method TC_02_VerifyLoggedInUserName skipped
]]></system-out>
    <system-err><![CDATA[ChromeDriver was started successfully.
Sep 20, 2022 7:20:10 PM org.openqa.selenium.remote.ProtocolHandshake createSession
INFO: Detected dialect: W3C
Sep 20, 2022 7:20:10 PM org.openqa.selenium.devtools.CdpVersionFinder findNearestMatch
WARNING: Unable to find an exact match for CDP version 105, so returning the closest version found: a no-op implementation
Sep 20, 2022 7:20:10 PM org.openqa.selenium.devtools.CdpVersionFinder findNearestMatch
INFO: Unable to find CDP implementation matching 105.
Sep 20, 2022 7:20:10 PM org.openqa.selenium.chromium.ChromiumDriver lambda$new$3
WARNING: Unable to find version of CDP to use for . You may need to include a dependency on a specific version of the CDP using something similar to `org.seleniumhq.selenium:selenium-devtools-v86:4.0.0` where the version ("v86") matches the version of the chromium-based browser you're using and the version number of the artifact is the same as Selenium's.
]]></system-err>
  </testcase>
  <testcase name="TC_02_VerifyLoggedInUserName" classname="com.maantic.automation.tests.DashboardTest" time="6.052">
    <failure message="expected [Gopal2] but found [Gopal]" type="java.lang.AssertionError">java.lang.AssertionError: expected [Gopal2] but found [Gopal]
	at com.maantic.automation.tests.DashboardTest.TC_02_VerifyLoggedInUserName(DashboardTest.java:46)
</failure>
    <system-out><![CDATA[Chrome browser is opening....
I am in onTestStart method TC_02_VerifyLoggedInUserName start
TC_02_VerifyLoggedInUserName is called...
Gopal
I am in onTestFailure method TC_02_VerifyLoggedInUserName failed
Screenshot captured for test case:TC_02_VerifyLoggedInUserName
]]></system-out>
    <system-err><![CDATA[ChromeDriver was started successfully.
Sep 20, 2022 7:20:24 PM org.openqa.selenium.remote.ProtocolHandshake createSession
INFO: Detected dialect: W3C
Sep 20, 2022 7:20:24 PM org.openqa.selenium.devtools.CdpVersionFinder findNearestMatch
WARNING: Unable to find an exact match for CDP version 105, so returning the closest version found: a no-op implementation
Sep 20, 2022 7:20:24 PM org.openqa.selenium.devtools.CdpVersionFinder findNearestMatch
INFO: Unable to find CDP implementation matching 105.
Sep 20, 2022 7:20:24 PM org.openqa.selenium.chromium.ChromiumDriver lambda$new$3
WARNING: Unable to find version of CDP to use for . You may need to include a dependency on a specific version of the CDP using something similar to `org.seleniumhq.selenium:selenium-devtools-v86:4.0.0` where the version ("v86") matches the version of the chromium-based browser you're using and the version number of the artifact is the same as Selenium's.
]]></system-err>
  </testcase>
  <testcase name="TC_02_CreateNewContactSuccessfully" classname="com.maantic.automation.tests.CreateContactTest" time="40.443"/>
</testsuite>