<?xml version="1.0" encoding="UTF-8"?>
<testng-results ignored="0" total="2" passed="2" failed="0" skipped="0">
  <reporter-output>
  </reporter-output>
  <suite started-at="2024-01-02T17:04:33 IST" name="Default suite" finished-at="2024-01-02T17:06:00 IST" duration-ms="86667">
    <groups>
      <group name="Sanity">
        <method signature="GBTActivityTest.Activity(java.util.Map)[pri:2, instance:com.maantic.automation.tests.GBTActivityTest@5910de75]" name="Activity" class="com.maantic.automation.tests.GBTActivityTest"/>
        <method signature="GBTActivityTest.getURL(java.util.Map)[pri:1, instance:com.maantic.automation.tests.GBTActivityTest@5910de75]" name="getURL" class="com.maantic.automation.tests.GBTActivityTest"/>
      </group> <!-- Sanity -->
      <group name="Regression">
        <method signature="GBTActivityTest.Activity(java.util.Map)[pri:2, instance:com.maantic.automation.tests.GBTActivityTest@5910de75]" name="Activity" class="com.maantic.automation.tests.GBTActivityTest"/>
        <method signature="GBTActivityTest.getURL(java.util.Map)[pri:1, instance:com.maantic.automation.tests.GBTActivityTest@5910de75]" name="getURL" class="com.maantic.automation.tests.GBTActivityTest"/>
      </group> <!-- Regression -->
    </groups>
    <test started-at="2024-01-02T17:04:33 IST" name="Default test" finished-at="2024-01-02T17:06:00 IST" duration-ms="86667">
      <class name="com.maantic.automation.tests.GBTActivityTest">
        <test-method is-config="true" signature="getEnvironment(java.lang.String)[pri:0, instance:com.maantic.automation.tests.GBTActivityTest@5910de75]" started-at="2024-01-02T17:04:33 IST" name="getEnvironment" finished-at="2024-01-02T17:04:33 IST" duration-ms="109" status="PASS">
          <params>
            <param index="0">
              <value>
                <![CDATA[chrome]]>
              </value>
            </param>
          </params>
          <reporter-output>
          </reporter-output>
        </test-method> <!-- getEnvironment -->
        <test-method is-config="true" signature="initializeDriver(java.lang.String)[pri:0, instance:com.maantic.automation.tests.GBTActivityTest@5910de75]" started-at="2024-01-02T17:04:34 IST" name="initializeDriver" finished-at="2024-01-02T17:04:40 IST" duration-ms="5848" status="PASS">
          <params>
            <param index="0">
              <value>
                <![CDATA[chrome]]>
              </value>
            </param>
          </params>
          <reporter-output>
          </reporter-output>
        </test-method> <!-- initializeDriver -->
        <test-method signature="getURL(java.util.Map)[pri:1, instance:com.maantic.automation.tests.GBTActivityTest@5910de75]" started-at="2024-01-02T17:04:40 IST" name="getURL" description="fetch URL" data-provider="ExcelTestDataLogin" finished-at="2024-01-02T17:04:40 IST" duration-ms="107" status="PASS">
          <params>
            <param index="0">
              <value>
                <![CDATA[{AppDetails=getURL, Username=Navneet, URL=https://bfs.maanticpegaservices.com/prweb, Password=rules}]]>
              </value>
            </param>
          </params>
          <reporter-output>
          </reporter-output>
        </test-method> <!-- getURL -->
        <test-method is-config="true" signature="closeBrowser()[pri:0, instance:com.maantic.automation.tests.GBTActivityTest@5910de75]" started-at="2024-01-02T17:04:40 IST" name="closeBrowser" finished-at="2024-01-02T17:04:41 IST" duration-ms="204" status="PASS">
          <reporter-output>
          </reporter-output>
        </test-method> <!-- closeBrowser -->
        <test-method is-config="true" signature="initializeDriver(java.lang.String)[pri:0, instance:com.maantic.automation.tests.GBTActivityTest@5910de75]" started-at="2024-01-02T17:04:41 IST" name="initializeDriver" finished-at="2024-01-02T17:04:45 IST" duration-ms="3985" status="PASS">
          <params>
            <param index="0">
              <value>
                <![CDATA[chrome]]>
              </value>
            </param>
          </params>
          <reporter-output>
          </reporter-output>
        </test-method> <!-- initializeDriver -->
        <test-method signature="Activity(java.util.Map)[pri:2, instance:com.maantic.automation.tests.GBTActivityTest@5910de75]" started-at="2024-01-02T17:04:45 IST" name="Activity" description="Running Activity module." data-provider="ExcelTestDataGBT" finished-at="2024-01-02T17:06:00 IST" duration-ms="75450" status="PASS">
          <params>
            <param index="0">
              <value>
                <![CDATA[{Param10=NA, Param11=NA, Expected=Success, Param12=NA, Param9=NA, Param8=NA, Param7=NA, Param6=NA, Param5=NA, Param4=NA, Param3=NA, RuleType=Activity, Param2=NA, Pass/Fail=Pass, Param1=NA, RuleSetVersion=PegaAppCA:08-05-01, ClassName=MNTC-BFSCS-Work-Grp1-Interaction-InCorr, Actual=Success, RuleName=CAInitialSetUp}]]>
              </value>
            </param>
          </params>
          <reporter-output>
          </reporter-output>
        </test-method> <!-- Activity -->
        <test-method is-config="true" signature="closeBrowser()[pri:0, instance:com.maantic.automation.tests.GBTActivityTest@5910de75]" started-at="2024-01-02T17:06:00 IST" name="closeBrowser" finished-at="2024-01-02T17:06:00 IST" duration-ms="118" status="PASS">
          <reporter-output>
          </reporter-output>
        </test-method> <!-- closeBrowser -->
        <test-method is-config="true" signature="resultSheet()[pri:0, instance:com.maantic.automation.tests.GBTActivityTest@5910de75]" started-at="2024-01-02T17:06:00 IST" name="resultSheet" finished-at="2024-01-02T17:06:00 IST" duration-ms="13" status="PASS">
          <reporter-output>
          </reporter-output>
        </test-method> <!-- resultSheet -->
      </class> <!-- com.maantic.automation.tests.GBTActivityTest -->
    </test> <!-- Default test -->
  </suite> <!-- Default suite -->
</testng-results>
